info it worked if it ends with ok
verbose cli [ 'node', '/usr/local/bin/npm', 'link' ]
info using npm@1.0.106
info using node@v0.6.4
verbose config file /Users/Au/.npmrc
verbose config file /usr/local/etc/npmrc
verbose config file /usr/local/lib/node_modules/npm/npmrc
silly testEngine { name: 'share-wisdom',
silly testEngine   version: '0.5.2-pre',
silly testEngine   description: 'A database for concurrent document editing',
silly testEngine   keywords: 
silly testEngine    [ 'operational transformation',
silly testEngine      'ot',
silly testEngine      'concurrent',
silly testEngine      'collaborative',
silly testEngine      'database',
silly testEngine      'server' ],
silly testEngine   homepage: '',
silly testEngine   author: { name: 'Joseph Gentle', email: 'josephg@gmail.com' },
silly testEngine   main: 'index.js',
silly testEngine   bin: 
silly testEngine    { sharejs: 'bin/sharejs',
silly testEngine      'sharejs-exampleserver': 'bin/exampleserver' },
silly testEngine   dependencies: 
silly testEngine    { 'socket.io': '~0.8',
silly testEngine      'socket.io-client': '~0.8',
silly testEngine      connect: '>= 1.1.1 < 2.0.0',
silly testEngine      optimist: '>= 0.2.4',
silly testEngine      'uglify-js': '~1',
silly testEngine      request: '>= 2.1.1',
silly testEngine      'coffee-script': '> 1.1.0',
silly testEngine      browserchannel: '*',
silly testEngine      hat: '*',
silly testEngine      nodeunit: '~0.5.0' },
silly testEngine   devDependencies: { nodeunit: '~0.5.0' },
silly testEngine   engine: 'node >= 0.4.4',
silly testEngine   scripts: { build: 'cake build', test: 'nodeunit tests.coffee' },
silly testEngine   licenses: 
silly testEngine    [ { type: 'BSD',
silly testEngine        url: 'http://www.freebsd.org/copyright/freebsd-license.html' } ],
silly testEngine   repository: { type: 'git', url: 'git://github.com/josephg/sharejs.git' },
silly testEngine   _npmUser: { name: 'steerapi', email: 'steerapi@gmail.com' },
silly testEngine   _id: 'share-wisdom@0.5.2-pre',
silly testEngine   engines: { node: '*' },
silly testEngine   _engineSupported: true,
silly testEngine   _npmVersion: '1.0.106',
silly testEngine   _nodeVersion: 'v0.6.4',
silly testEngine   _defaultsLoaded: true }
verbose caching /Users/Au/ShareJS-dev/package.json
verbose loadDefaults share-wisdom@0.5.2-pre
verbose link: build target /usr/local/lib/node_modules/share-wisdom
verbose install(where, what) [ '/Users/Au/ShareJS-dev', [] ]
verbose from cache /Users/Au/ShareJS-dev/package.json
verbose where, deps [ '/Users/Au/ShareJS-dev',
verbose where, deps   [ 'socket.io',
verbose where, deps     'socket.io-client',
verbose where, deps     'connect',
verbose where, deps     'optimist',
verbose where, deps     'uglify-js',
verbose where, deps     'request',
verbose where, deps     'coffee-script',
verbose where, deps     'browserchannel',
verbose where, deps     'hat',
verbose where, deps     'nodeunit' ] ]
verbose from cache /Users/Au/ShareJS-dev/package.json
info preinstall share-wisdom@0.5.2-pre
silly testEngine { author: 
silly testEngine    { name: 'Joseph Gentle',
silly testEngine      email: 'josephg@gmail.com',
silly testEngine      url: 'http://josephg.com/' },
silly testEngine   name: 'browserchannel',
silly testEngine   description: 'Google BrowserChannel server for NodeJS',
silly testEngine   version: '0.3.4',
silly testEngine   homepage: 'https://github.com/josephg/node-browserchannel',
silly testEngine   repository: 
silly testEngine    { type: 'git',
silly testEngine      url: 'git://github.com/josephg/node-browserchannel.git' },
silly testEngine   main: 'index.js',
silly testEngine   engines: { node: '0.4 || 0.6' },
silly testEngine   scripts: { test: 'nodeunit test/server.coffee' },
silly testEngine   dependencies: 
silly testEngine    { 'coffee-script': 'latest',
silly testEngine      hat: 'latest',
silly testEngine      connect: 'latest',
silly testEngine      timerstub: 'latest',
silly testEngine      request: 'latest' },
silly testEngine   devDependencies: { browserify: '~1', nodeunit: '*' },
silly testEngine   'coffee-script': 'latest',
silly testEngine   hat: 'latest',
silly testEngine   connect: 'latest',
silly testEngine   timerstub: 'latest',
silly testEngine   request: 'latest',
silly testEngine   _npmUser: { name: 'steerapi', email: 'steerapi@gmail.com' },
silly testEngine   _id: 'browserchannel@0.3.4',
silly testEngine   _engineSupported: true,
silly testEngine   _npmVersion: '1.0.106',
silly testEngine   _nodeVersion: 'v0.6.4',
silly testEngine   _defaultsLoaded: true }
verbose caching /Users/Au/ShareJS-dev/node_modules/browserchannel/package.json
verbose loadDefaults browserchannel@0.3.4
silly testEngine { name: 'coffee-script',
silly testEngine   description: 'Unfancy JavaScript',
silly testEngine   keywords: [ 'javascript', 'language', 'coffeescript', 'compiler' ],
silly testEngine   author: { name: 'Jeremy Ashkenas' },
silly testEngine   version: '1.2.2',
silly testEngine   licenses: 
silly testEngine    [ { type: 'MIT',
silly testEngine        url: 'http://github.com/jashkenas/coffee-script/raw/master/LICENSE' } ],
silly testEngine   engines: { node: '>=0.4.0' },
silly testEngine   directories: { lib: './lib/coffee-script' },
silly testEngine   main: './lib/coffee-script/coffee-script',
silly testEngine   bin: { coffee: './bin/coffee', cake: './bin/cake' },
silly testEngine   homepage: 'http://coffeescript.org',
silly testEngine   repository: 
silly testEngine    { type: 'git',
silly testEngine      url: 'git://github.com/jashkenas/coffee-script.git' },
silly testEngine   devDependencies: { 'uglify-js': '>=1.0.0', jison: '>=0.2.0' },
silly testEngine   _npmUser: { name: 'steerapi', email: 'steerapi@gmail.com' },
silly testEngine   _id: 'coffee-script@1.2.2',
silly testEngine   dependencies: {},
silly testEngine   _engineSupported: true,
silly testEngine   _npmVersion: '1.0.106',
silly testEngine   _nodeVersion: 'v0.6.4',
silly testEngine   _defaultsLoaded: true }
verbose caching /Users/Au/ShareJS-dev/node_modules/coffee-script/package.json
verbose loadDefaults coffee-script@1.2.2
silly testEngine { name: 'connect',
silly testEngine   version: '1.8.7',
silly testEngine   description: 'High performance middleware framework',
silly testEngine   keywords: [ 'framework', 'web', 'middleware', 'connect', 'rack' ],
silly testEngine   repository: { type: 'git', url: 'git://github.com/senchalabs/connect.git' },
silly testEngine   author: 
silly testEngine    { name: 'TJ Holowaychuk',
silly testEngine      email: 'tj@vision-media.ca',
silly testEngine      url: 'http://tjholowaychuk.com' },
silly testEngine   dependencies: { qs: 'latest', mime: 'latest', formidable: 'latest' },
silly testEngine   devDependencies: 
silly testEngine    { expresso: '0.9.2',
silly testEngine      koala: '0.1.2',
silly testEngine      less: '1.1.1',
silly testEngine      sass: '0.5.0',
silly testEngine      markdown: '0.2.1',
silly testEngine      ejs: '0.4.3',
silly testEngine      should: '0.3.2' },
silly testEngine   main: 'index',
silly testEngine   engines: { node: '>= 0.4.1 < 0.7.0' },
silly testEngine   qs: 'latest',
silly testEngine   mime: 'latest',
silly testEngine   formidable: 'latest',
silly testEngine   _npmUser: { name: 'steerapi', email: 'steerapi@gmail.com' },
silly testEngine   _id: 'connect@1.8.7',
silly testEngine   _engineSupported: true,
silly testEngine   _npmVersion: '1.0.106',
silly testEngine   _nodeVersion: 'v0.6.4',
silly testEngine   _defaultsLoaded: true }
verbose caching /Users/Au/ShareJS-dev/node_modules/connect/package.json
verbose loadDefaults connect@1.8.7
silly testEngine { name: 'hat',
silly testEngine   version: '0.0.5',
silly testEngine   description: 'generate random IDs and avoid collisions',
silly testEngine   main: 'index.js',
silly testEngine   directories: { lib: '.', example: 'example', test: 'test' },
silly testEngine   devDependencies: { expresso: '0.7.x' },
silly testEngine   scripts: { test: 'expresso' },
silly testEngine   repository: { type: 'git', url: 'git://github.com/substack/node-hat.git' },
silly testEngine   keywords: [ 'id', 'uid', 'uuid', 'random', 'hat', 'rack', 'unique' ],
silly testEngine   author: 
silly testEngine    { name: 'James Halliday',
silly testEngine      email: 'mail@substack.net',
silly testEngine      url: 'http://substack.net' },
silly testEngine   license: 'MIT/X11',
silly testEngine   engine: { node: '>=0.4' },
silly testEngine   _npmUser: { name: 'steerapi', email: 'steerapi@gmail.com' },
silly testEngine   _id: 'hat@0.0.5',
silly testEngine   dependencies: {},
silly testEngine   engines: { node: '*' },
silly testEngine   _engineSupported: true,
silly testEngine   _npmVersion: '1.0.106',
silly testEngine   _nodeVersion: 'v0.6.4',
silly testEngine   _defaultsLoaded: true }
verbose caching /Users/Au/ShareJS-dev/node_modules/hat/package.json
verbose loadDefaults hat@0.0.5
WARN nodeunit@0.5.7 package.json: bugs['web'] should probably be bugs['url']
silly testEngine { name: 'nodeunit',
silly testEngine   description: 'Easy unit testing for node.js and the browser.',
silly testEngine   maintainers: [ { name: 'Caolan McMahon', url: 'https://github.com/caolan' } ],
silly testEngine   contributors: 
silly testEngine    [ { name: 'Alex Gorbatchev',
silly testEngine        url: 'https://github.com/alexgorbatchev' },
silly testEngine      { name: 'Alex Wolfe', url: 'https://github.com/alexkwolfe' },
silly testEngine      { name: 'Carl Fürstenberg', url: 'https://github.com/azatoth' },
silly testEngine      { name: 'Gerad Suyderhoud', url: 'https://github.com/gerad' },
silly testEngine      { name: 'Kadir Pekel', url: 'https://github.com/coffeemate' },
silly testEngine      { name: 'Oleg Efimov', url: 'https://github.com/Sannis' },
silly testEngine      { name: 'Orlando Vazquez', url: 'https://github.com/orlandov' },
silly testEngine      { name: 'Ryan Dahl', url: 'https://github.com/ry' },
silly testEngine      { name: 'Sam Stephenson',
silly testEngine        url: 'https://github.com/sstephenson' },
silly testEngine      { name: 'Thomas Mayfield',
silly testEngine        url: 'https://github.com/thegreatape' },
silly testEngine      { name: 'Elijah Insua',
silly testEngine        email: 'tmpvar@gmail.com',
silly testEngine        url: 'http://tmpvar.com' } ],
silly testEngine   version: '0.5.7',
silly testEngine   repository: { type: 'git', url: 'git://github.com/caolan/nodeunit.git' },
silly testEngine   bugs: { url: 'http://github.com/caolan/nodeunit/issues' },
silly testEngine   licenses: 
silly testEngine    [ { type: 'MIT',
silly testEngine        url: 'http://github.com/caolan/nodeunit/raw/master/LICENSE' } ],
silly testEngine   directories: { lib: './lib', doc: './doc', man: './man1' },
silly testEngine   bin: { nodeunit: './bin/nodeunit' },
silly testEngine   _npmUser: { name: 'steerapi', email: 'steerapi@gmail.com' },
silly testEngine   _id: 'nodeunit@0.5.7',
silly testEngine   dependencies: {},
silly testEngine   devDependencies: {},
silly testEngine   engines: { node: '*' },
silly testEngine   _engineSupported: true,
silly testEngine   _npmVersion: '1.0.106',
silly testEngine   _nodeVersion: 'v0.6.4',
silly testEngine   _defaultsLoaded: true,
silly testEngine   man: [ 'man1/nodeunit.1' ] }
verbose caching /Users/Au/ShareJS-dev/node_modules/nodeunit/package.json
verbose loadDefaults nodeunit@0.5.7
silly testEngine { name: 'optimist',
silly testEngine   version: '0.3.3',
silly testEngine   description: 'Light-weight option parsing with an argv hash. No optstrings attached.',
silly testEngine   main: './index.js',
silly testEngine   directories: { lib: '.', test: 'test', example: 'examples' },
silly testEngine   dependencies: { wordwrap: 'latest' },
silly testEngine   devDependencies: { hashish: '0.0.x', expresso: '0.7.x' },
silly testEngine   scripts: { test: 'expresso' },
silly testEngine   repository: 
silly testEngine    { type: 'git',
silly testEngine      url: 'git://github.com/substack/node-optimist.git' },
silly testEngine   keywords: 
silly testEngine    [ 'argument',
silly testEngine      'args',
silly testEngine      'option',
silly testEngine      'parser',
silly testEngine      'parsing',
silly testEngine      'cli',
silly testEngine      'command' ],
silly testEngine   author: 
silly testEngine    { name: 'James Halliday',
silly testEngine      email: 'mail@substack.net',
silly testEngine      url: 'http://substack.net' },
silly testEngine   license: 'MIT/X11',
silly testEngine   engine: { node: '>=0.4' },
silly testEngine   wordwrap: 'latest',
silly testEngine   _npmUser: { name: 'steerapi', email: 'steerapi@gmail.com' },
silly testEngine   _id: 'optimist@0.3.3',
silly testEngine   engines: { node: '*' },
silly testEngine   _engineSupported: true,
silly testEngine   _npmVersion: '1.0.106',
silly testEngine   _nodeVersion: 'v0.6.4',
silly testEngine   _defaultsLoaded: true }
verbose caching /Users/Au/ShareJS-dev/node_modules/optimist/package.json
verbose loadDefaults optimist@0.3.3
silly testEngine { name: 'redis',
silly testEngine   version: '0.7.3',
silly testEngine   description: 'Redis client library',
silly testEngine   author: { name: 'Matt Ranney', email: 'mjr@ranney.com' },
silly testEngine   contributors: 
silly testEngine    [ { name: 'Rick Olson' },
silly testEngine      { name: 'Tim-Smart' },
silly testEngine      { name: 'TJ Holowaychuk' },
silly testEngine      { name: 'Orion Henry' },
silly testEngine      { name: 'Hank Sims' },
silly testEngine      { name: 'Aivo Paas' },
silly testEngine      { name: 'Paul Carey' },
silly testEngine      { name: 'Pieter Noordhuis' },
silly testEngine      { name: 'Andy Ray' },
silly testEngine      { name: 'Vladimir Dronnikov' },
silly testEngine      { name: 'Dave Hoover' } ],
silly testEngine   main: './index.js',
silly testEngine   scripts: { test: 'node ./test.js' },
silly testEngine   devDependencies: { metrics: '>=0.1.5' },
silly testEngine   repository: { type: 'git', url: 'git://github.com/mranney/node_redis.git' },
silly testEngine   _npmUser: { name: 'steerapi', email: 'steerapi@gmail.com' },
silly testEngine   _id: 'redis@0.7.3',
silly testEngine   dependencies: {},
silly testEngine   engines: { node: '*' },
silly testEngine   _engineSupported: true,
silly testEngine   _npmVersion: '1.0.106',
silly testEngine   _nodeVersion: 'v0.6.4',
silly testEngine   _defaultsLoaded: true }
verbose caching /Users/Au/ShareJS-dev/node_modules/redis/package.json
verbose loadDefaults redis@0.7.3
silly testEngine { name: 'request',
silly testEngine   description: 'Simplified HTTP request client.',
silly testEngine   tags: [ 'http', 'simple', 'util', 'utility' ],
silly testEngine   version: '2.9.5',
silly testEngine   author: { name: 'Mikeal Rogers', email: 'mikeal.rogers@gmail.com' },
silly testEngine   repository: { type: 'git', url: 'git://github.com/mikeal/request.git' },
silly testEngine   bugs: { url: 'http://github.com/mikeal/request/issues' },
silly testEngine   engines: [ 'node >= 0.3.6', node: ' >= 0.3.6' ],
silly testEngine   main: './main',
silly testEngine   scripts: { test: 'bash tests/run.sh' },
silly testEngine   _npmUser: { name: 'steerapi', email: 'steerapi@gmail.com' },
silly testEngine   _id: 'request@2.9.5',
silly testEngine   dependencies: {},
silly testEngine   devDependencies: {},
silly testEngine   _engineSupported: true,
silly testEngine   _npmVersion: '1.0.106',
silly testEngine   _nodeVersion: 'v0.6.4',
silly testEngine   _defaultsLoaded: true }
verbose caching /Users/Au/ShareJS-dev/node_modules/request/package.json
verbose loadDefaults request@2.9.5
silly testEngine { name: 'socket.io',
silly testEngine   version: '0.8.9',
silly testEngine   description: 'Real-time apps made cross-browser & easy with a WebSocket-like API',
silly testEngine   homepage: 'http://socket.io',
silly testEngine   keywords: [ 'websocket', 'socket', 'realtime', 'socket.io', 'comet', 'ajax' ],
silly testEngine   author: { name: 'Guillermo Rauch', email: 'guillermo@learnboost.com' },
silly testEngine   contributors: 
silly testEngine    [ { name: 'Guillermo Rauch', email: 'rauchg@gmail.com' },
silly testEngine      { name: 'Arnout Kazemier', email: 'info@3rd-eden.com' },
silly testEngine      { name: 'Vladimir Dronnikov', email: 'dronnikov@gmail.com' },
silly testEngine      { name: 'Einar Otto Stangvik', email: 'einaros@gmail.com' } ],
silly testEngine   repository: 
silly testEngine    { type: 'git',
silly testEngine      url: 'git://github.com/LearnBoost/socket.io.git' },
silly testEngine   dependencies: 
silly testEngine    { 'socket.io-client': 'latest',
silly testEngine      policyfile: 'latest',
silly testEngine      redis: 'latest' },
silly testEngine   devDependencies: 
silly testEngine    { expresso: '0.9.2',
silly testEngine      should: '0.0.4',
silly testEngine      assertvanish: '0.0.3-1',
silly testEngine      benchmark: '0.2.2',
silly testEngine      microtime: '0.1.3-1',
silly testEngine      colors: '0.5.1' },
silly testEngine   main: 'index',
silly testEngine   engines: { node: '>= 0.4.0' },
silly testEngine   'socket.io-client': 'latest',
silly testEngine   policyfile: 'latest',
silly testEngine   redis: 'latest',
silly testEngine   _npmUser: { name: 'steerapi', email: 'steerapi@gmail.com' },
silly testEngine   _id: 'socket.io@0.8.9',
silly testEngine   _engineSupported: true,
silly testEngine   _npmVersion: '1.0.106',
silly testEngine   _nodeVersion: 'v0.6.4',
silly testEngine   _defaultsLoaded: true }
verbose caching /Users/Au/ShareJS-dev/node_modules/socket.io/package.json
verbose loadDefaults socket.io@0.8.9
silly testEngine { name: 'socket.io-client',
silly testEngine   description: 'Socket.IO client for the browser and node.js',
silly testEngine   version: '0.8.9',
silly testEngine   main: './lib/io.js',
silly testEngine   browserify: './dist/socket.io.js',
silly testEngine   homepage: 'http://socket.io',
silly testEngine   keywords: [ 'websocket', 'socket', 'realtime', 'socket.io', 'comet', 'ajax' ],
silly testEngine   author: { name: 'Guillermo Rauch', email: 'guillermo@learnboost.com' },
silly testEngine   contributors: 
silly testEngine    [ { name: 'Guillermo Rauch', email: 'rauchg@gmail.com' },
silly testEngine      { name: 'Arnout Kazemier', email: 'info@3rd-eden.com' },
silly testEngine      { name: 'Vladimir Dronnikov', email: 'dronnikov@gmail.com' },
silly testEngine      { name: 'Einar Otto Stangvik', email: 'einaros@gmail.com' } ],
silly testEngine   repository: 
silly testEngine    { type: 'git',
silly testEngine      url: 'git://github.com/LearnBoost/socket.io-client.git' },
silly testEngine   dependencies: 
silly testEngine    { 'uglify-js': 'latest',
silly testEngine      'websocket-client': 'latest',
silly testEngine      xmlhttprequest: 'latest' },
silly testEngine   devDependencies: 
silly testEngine    { expresso: '0.7.7',
silly testEngine      express: '2.3.11',
silly testEngine      jade: '0.12.1',
silly testEngine      stylus: '0.13.3',
silly testEngine      'socket.io': '0.8.7',
silly testEngine      'socket.io-client': '0.8.7' },
silly testEngine   engines: { node: '>= 0.4.0' },
silly testEngine   'uglify-js': 'latest',
silly testEngine   'websocket-client': 'latest',
silly testEngine   xmlhttprequest: 'latest',
silly testEngine   _npmUser: { name: 'steerapi', email: 'steerapi@gmail.com' },
silly testEngine   _id: 'socket.io-client@0.8.9',
silly testEngine   _engineSupported: true,
silly testEngine   _npmVersion: '1.0.106',
silly testEngine   _nodeVersion: 'v0.6.4',
silly testEngine   _defaultsLoaded: true }
verbose caching /Users/Au/ShareJS-dev/node_modules/socket.io-client/package.json
verbose loadDefaults socket.io-client@0.8.9
silly testEngine { name: 'uglify-js',
silly testEngine   description: 'JavaScript parser and compressor/beautifier toolkit',
silly testEngine   author: 
silly testEngine    { name: 'Mihai Bazon',
silly testEngine      email: 'mihai.bazon@gmail.com',
silly testEngine      url: 'http://mihai.bazon.net/blog' },
silly testEngine   version: '1.2.6',
silly testEngine   main: './uglify-js.js',
silly testEngine   bin: { uglifyjs: './bin/uglifyjs' },
silly testEngine   repository: { type: 'git', url: 'git@github.com:mishoo/UglifyJS.git' },
silly testEngine   _npmUser: { name: 'steerapi', email: 'steerapi@gmail.com' },
silly testEngine   _id: 'uglify-js@1.2.6',
silly testEngine   dependencies: {},
silly testEngine   devDependencies: {},
silly testEngine   engines: { node: '*' },
silly testEngine   _engineSupported: true,
silly testEngine   _npmVersion: '1.0.106',
silly testEngine   _nodeVersion: 'v0.6.4',
silly testEngine   _defaultsLoaded: true }
verbose caching /Users/Au/ShareJS-dev/node_modules/uglify-js/package.json
verbose loadDefaults uglify-js@1.2.6
verbose from cache /Users/Au/ShareJS-dev/package.json
verbose into /Users/Au/ShareJS-dev [ 'socket.io@~0.8',
verbose into /Users/Au/ShareJS-dev   'socket.io-client@~0.8',
verbose into /Users/Au/ShareJS-dev   'connect@>= 1.1.1 < 2.0.0',
verbose into /Users/Au/ShareJS-dev   'optimist@>= 0.2.4',
verbose into /Users/Au/ShareJS-dev   'uglify-js@~1',
verbose into /Users/Au/ShareJS-dev   'request@>= 2.1.1',
verbose into /Users/Au/ShareJS-dev   'coffee-script@> 1.1.0',
verbose into /Users/Au/ShareJS-dev   'browserchannel@*',
verbose into /Users/Au/ShareJS-dev   'hat@*',
verbose into /Users/Au/ShareJS-dev   'nodeunit@~0.5.0' ]
verbose from cache /Users/Au/ShareJS-dev/node_modules/browserchannel/package.json
verbose from cache /Users/Au/ShareJS-dev/node_modules/coffee-script/package.json
verbose from cache /Users/Au/ShareJS-dev/node_modules/connect/package.json
verbose from cache /Users/Au/ShareJS-dev/node_modules/hat/package.json
verbose from cache /Users/Au/ShareJS-dev/node_modules/nodeunit/package.json
verbose from cache /Users/Au/ShareJS-dev/node_modules/optimist/package.json
verbose from cache /Users/Au/ShareJS-dev/node_modules/redis/package.json
verbose from cache /Users/Au/ShareJS-dev/node_modules/request/package.json
verbose from cache /Users/Au/ShareJS-dev/node_modules/socket.io/package.json
verbose from cache /Users/Au/ShareJS-dev/node_modules/socket.io-client/package.json
verbose from cache /Users/Au/ShareJS-dev/node_modules/uglify-js/package.json
verbose already installed in /Users/Au/ShareJS-dev skipping socket.io@~0.8
verbose already installed in /Users/Au/ShareJS-dev skipping socket.io-client@~0.8
verbose already installed in /Users/Au/ShareJS-dev skipping connect@>= 1.1.1 < 2.0.0
verbose already installed in /Users/Au/ShareJS-dev skipping optimist@>= 0.2.4
verbose already installed in /Users/Au/ShareJS-dev skipping uglify-js@~1
verbose already installed in /Users/Au/ShareJS-dev skipping request@>= 2.1.1
verbose already installed in /Users/Au/ShareJS-dev skipping coffee-script@> 1.1.0
verbose already installed in /Users/Au/ShareJS-dev skipping browserchannel@*
verbose already installed in /Users/Au/ShareJS-dev skipping hat@*
verbose already installed in /Users/Au/ShareJS-dev skipping nodeunit@~0.5.0
silly resolved []
info build /Users/Au/ShareJS-dev
verbose from cache /Users/Au/ShareJS-dev/package.json
verbose linkStuff [ false, false, false, '/Users/Au' ]
info linkStuff share-wisdom@0.5.2-pre
verbose linkBins share-wisdom@0.5.2-pre
verbose linkMans share-wisdom@0.5.2-pre
verbose rebuildBundles share-wisdom@0.5.2-pre
verbose rebuildBundles [ '.bin',
verbose rebuildBundles   'browserchannel',
verbose rebuildBundles   'coffee-script',
verbose rebuildBundles   'connect',
verbose rebuildBundles   'hat',
verbose rebuildBundles   'nodeunit',
verbose rebuildBundles   'optimist',
verbose rebuildBundles   'redis',
verbose rebuildBundles   'request',
verbose rebuildBundles   'socket.io',
verbose rebuildBundles   'socket.io-client',
verbose rebuildBundles   'uglify-js' ]
verbose rebuild bundle /Users/Au/ShareJS-dev/node_modules/redis
info build /Users/Au/ShareJS-dev/node_modules/redis
verbose from cache /Users/Au/ShareJS-dev/node_modules/redis/package.json
info preinstall redis@0.7.3
verbose linkStuff [ false, false, false, '/Users/Au/ShareJS-dev/node_modules' ]
info linkStuff redis@0.7.3
verbose linkBins redis@0.7.3
verbose linkMans redis@0.7.3
verbose rebuildBundles redis@0.7.3
info install redis@0.7.3
info postinstall redis@0.7.3
info install share-wisdom@0.5.2-pre
info postinstall share-wisdom@0.5.2-pre
info build /usr/local/lib/node_modules/share-wisdom
silly testEngine { name: 'share-wisdom',
silly testEngine   version: '0.5.2-pre',
silly testEngine   description: 'A database for concurrent document editing',
silly testEngine   keywords: 
silly testEngine    [ 'operational transformation',
silly testEngine      'ot',
silly testEngine      'concurrent',
silly testEngine      'collaborative',
silly testEngine      'database',
silly testEngine      'server' ],
silly testEngine   homepage: '',
silly testEngine   author: { name: 'Joseph Gentle', email: 'josephg@gmail.com' },
silly testEngine   main: 'index.js',
silly testEngine   bin: 
silly testEngine    { sharejs: 'bin/sharejs',
silly testEngine      'sharejs-exampleserver': 'bin/exampleserver' },
silly testEngine   dependencies: 
silly testEngine    { 'socket.io': '~0.8',
silly testEngine      'socket.io-client': '~0.8',
silly testEngine      connect: '>= 1.1.1 < 2.0.0',
silly testEngine      optimist: '>= 0.2.4',
silly testEngine      'uglify-js': '~1',
silly testEngine      request: '>= 2.1.1',
silly testEngine      'coffee-script': '> 1.1.0',
silly testEngine      browserchannel: '*',
silly testEngine      hat: '*' },
silly testEngine   devDependencies: { nodeunit: '~0.5.0' },
silly testEngine   engine: 'node >= 0.4.4',
silly testEngine   scripts: { build: 'cake build', test: 'nodeunit tests.coffee' },
silly testEngine   licenses: 
silly testEngine    [ { type: 'BSD',
silly testEngine        url: 'http://www.freebsd.org/copyright/freebsd-license.html' } ],
silly testEngine   repository: { type: 'git', url: 'git://github.com/josephg/sharejs.git' },
silly testEngine   _npmUser: { name: 'steerapi', email: 'steerapi@gmail.com' },
silly testEngine   _id: 'share-wisdom@0.5.2-pre',
silly testEngine   engines: { node: '*' },
silly testEngine   _engineSupported: true,
silly testEngine   _npmVersion: '1.0.106',
silly testEngine   _nodeVersion: 'v0.6.4',
silly testEngine   _defaultsLoaded: true }
verbose caching /usr/local/lib/node_modules/share-wisdom/package.json
verbose loadDefaults share-wisdom@0.5.2-pre
verbose linkStuff [ true,
verbose linkStuff   '/usr/local/lib/node_modules',
verbose linkStuff   true,
verbose linkStuff   '/usr/local/lib/node_modules' ]
info linkStuff share-wisdom@0.5.2-pre
verbose linkBins share-wisdom@0.5.2-pre
verbose bins linking [ { sharejs: 'bin/sharejs',
verbose bins linking     'sharejs-exampleserver': 'bin/exampleserver' },
verbose bins linking   '/usr/local/bin',
verbose bins linking   true ]
verbose linkMans share-wisdom@0.5.2-pre
ERR! Error: Refusing to delete: /usr/local/bin/sharejs not in /usr/local/lib/node_modules/share-wisdom
ERR!     at clobberFail (/usr/local/lib/node_modules/npm/node_modules/rimraf/rimraf.js:110:12)
ERR!     at next (/usr/local/lib/node_modules/npm/node_modules/rimraf/rimraf.js:97:42)
ERR!     at /usr/local/lib/node_modules/npm/node_modules/rimraf/rimraf.js:105:12
ERR!     at Object.cb [as oncomplete] (/usr/local/lib/node_modules/npm/node_modules/graceful-fs/graceful-fs.js:36:9)
ERR! Report this *entire* log at:
ERR!     <http://github.com/isaacs/npm/issues>
ERR! or email it to:
ERR!     <npm-@googlegroups.com>
ERR! 
ERR! System Darwin 11.2.0
ERR! command "node" "/usr/local/bin/npm" "link"
ERR! cwd /Users/Au/ShareJS-dev
ERR! node -v v0.6.4
ERR! npm -v 1.0.106
ERR! path /usr/local/bin/sharejs
ERR! code EEXIST
verbose exit [ 1, true ]
